<?xml version="1.0" encoding="UTF-8"?>
<testng-results skipped="0" failed="0" ignored="0" total="1" passed="1">
  <reporter-output>
  </reporter-output>
  <suite name="Default suite" duration-ms="35135" started-at="2017-07-02T10:31:42Z" finished-at="2017-07-02T10:32:17Z">
    <groups>
    </groups>
    <test name="Default test" duration-ms="35135" started-at="2017-07-02T10:31:42Z" finished-at="2017-07-02T10:32:17Z">
      <class name="com.testcase.DraftNumCase">
        <test-method status="PASS" signature="beforeClass()[pri:0, instance:com.testcase.DraftNumCase@1275dab]" name="beforeClass" is-config="true" duration-ms="7559" started-at="2017-07-02T18:31:42Z" finished-at="2017-07-02T18:31:49Z">
          <reporter-output>
          </reporter-output>
        </test-method> <!-- beforeClass -->
        <test-method status="PASS" signature="start()[pri:0, instance:com.testcase.DraftNumCase@1275dab]" name="start" duration-ms="24211" started-at="2017-07-02T18:31:49Z" finished-at="2017-07-02T18:32:13Z">
          <reporter-output>
          </reporter-output>
        </test-method> <!-- start -->
        <test-method status="PASS" signature="quit()[pri:0, instance:com.testcase.DraftNumCase@1275dab]" name="quit" is-config="true" duration-ms="3326" started-at="2017-07-02T18:32:13Z" finished-at="2017-07-02T18:32:17Z">
          <reporter-output>
          </reporter-output>
        </test-method> <!-- quit -->
      </class> <!-- com.testcase.DraftNumCase -->
    </test> <!-- Default test -->
  </suite> <!-- Default suite -->
</testng-results>
